[1m============================= test session starts ==============================[0m
platform darwin -- Python 3.14.5, pytest-8.3.4, pluggy-1.5.0
rootdir: /Users/dev/app
collected 412 items

2026-09-02T10:15:01.237 INFO  tests/test_api_1.py::test_case_1 PASSED  (73ms)
2026-09-02T10:15:02.967 INFO  tests/test_api_2.py::test_case_2 PASSED  (9ms)
2026-09-02T10:15:03.361 INFO  tests/test_api_3.py::test_case_3 PASSED  (16ms)
2026-09-02T10:15:04.607 INFO  tests/test_api_4.py::test_case_4 PASSED  (58ms)
2026-09-02T10:15:05.583 INFO  tests/test_api_5.py::test_case_5 PASSED  (84ms)
2026-09-02T10:15:06.488 INFO  tests/test_api_6.py::test_case_6 PASSED  (27ms)
2026-09-02T10:15:07.196 INFO  tests/test_api_7.py::test_case_7 PASSED  (63ms)
2026-09-02T10:15:08.129 INFO  tests/test_api_8.py::test_case_8 PASSED  (50ms)
2026-09-02T10:15:09.543 INFO  tests/test_api_0.py::test_case_9 PASSED  (78ms)
2026-09-02T10:15:10.880 INFO  tests/test_api_1.py::test_case_10 PASSED  (1ms)
2026-09-02T10:15:11.812 INFO  tests/test_api_2.py::test_case_11 PASSED  (58ms)
2026-09-02T10:15:12.372 INFO  tests/test_api_3.py::test_case_12 PASSED  (30ms)
2026-09-02T10:15:13.705 INFO  tests/test_api_4.py::test_case_13 PASSED  (14ms)
2026-09-02T10:15:14.425 INFO  tests/test_api_5.py::test_case_14 PASSED  (4ms)
2026-09-02T10:15:15.122 INFO  tests/test_api_6.py::test_case_15 PASSED  (4ms)
2026-09-02T10:15:16.765 INFO  tests/test_api_7.py::test_case_16 PASSED  (70ms)
2026-09-02T10:15:17.109 INFO  tests/test_api_8.py::test_case_17 PASSED  (49ms)
2026-09-02T10:15:18.802 INFO  tests/test_api_0.py::test_case_18 PASSED  (28ms)
2026-09-02T10:15:19.532 INFO  tests/test_api_1.py::test_case_19 PASSED  (4ms)
2026-09-02T10:15:20.640 INFO  tests/test_api_2.py::test_case_20 PASSED  (29ms)
2026-09-02T10:15:21.882 INFO  tests/test_api_3.py::test_case_21 PASSED  (57ms)
2026-09-02T10:15:22.607 INFO  tests/test_api_4.py::test_case_22 PASSED  (71ms)
2026-09-02T10:15:23.338 INFO  tests/test_api_5.py::test_case_23 PASSED  (45ms)
2026-09-02T10:15:24.336 INFO  tests/test_api_6.py::test_case_24 PASSED  (87ms)
2026-09-02T10:15:25.324 INFO  tests/test_api_7.py::test_case_25 PASSED  (59ms)
2026-09-02T10:15:26.396 INFO  tests/test_api_8.py::test_case_26 PASSED  (3ms)
2026-09-02T10:15:27.526 INFO  tests/test_api_0.py::test_case_27 PASSED  (72ms)
2026-09-02T10:15:28.757 INFO  tests/test_api_1.py::test_case_28 PASSED  (13ms)
2026-09-02T10:15:29.290 INFO  tests/test_api_2.py::test_case_29 PASSED  (81ms)
2026-09-02T10:15:30.841 INFO  tests/test_api_3.py::test_case_30 PASSED  (38ms)
2026-09-02T10:15:31.223 INFO  tests/test_api_4.py::test_case_31 PASSED  (43ms)
2026-09-02T10:15:32.838 INFO  tests/test_api_5.py::test_case_32 PASSED  (65ms)
2026-09-02T10:15:33.532 INFO  tests/test_api_6.py::test_case_33 PASSED  (65ms)
2026-09-02T10:15:34.949 INFO  tests/test_api_7.py::test_case_34 PASSED  (86ms)
2026-09-02T10:15:35.294 INFO  tests/test_api_8.py::test_case_35 PASSED  (39ms)
2026-09-02T10:15:36.390 INFO  tests/test_api_0.py::test_case_36 PASSED  (76ms)
2026-09-02T10:15:37.611 INFO  tests/test_api_1.py::test_case_37 PASSED  (65ms)
2026-09-02T10:15:38.502 INFO  tests/test_api_2.py::test_case_38 PASSED  (76ms)
2026-09-02T10:15:39.973 INFO  tests/test_api_3.py::test_case_39 PASSED  (5ms)
2026-09-02T10:15:40.591 INFO  tests/test_api_4.py::test_case_40 PASSED  (32ms)
2026-09-02T10:15:41.861 INFO  tests/test_api_5.py::test_case_41 PASSED  (52ms)
2026-09-02T10:15:42.524 INFO  tests/test_api_6.py::test_case_42 PASSED  (86ms)
2026-09-02T10:15:43.277 INFO  tests/test_api_7.py::test_case_43 PASSED  (47ms)
2026-09-02T10:15:44.661 INFO  tests/test_api_8.py::test_case_44 PASSED  (90ms)
2026-09-02T10:15:45.894 INFO  tests/test_api_0.py::test_case_45 PASSED  (87ms)
2026-09-02T10:15:46.855 INFO  tests/test_api_1.py::test_case_46 PASSED  (48ms)
2026-09-02T10:15:47.188 INFO  tests/test_api_2.py::test_case_47 PASSED  (57ms)
2026-09-02T10:15:48.779 INFO  tests/test_api_3.py::test_case_48 PASSED  (66ms)
2026-09-02T10:15:49.210 INFO  tests/test_api_4.py::test_case_49 PASSED  (21ms)
2026-09-02T10:15:50.633 INFO  tests/test_api_5.py::test_case_50 PASSED  (51ms)
2026-09-02T10:15:51.479 INFO  tests/test_api_6.py::test_case_51 PASSED  (63ms)
2026-09-02T10:15:52.850 INFO  tests/test_api_7.py::test_case_52 PASSED  (4ms)
2026-09-02T10:15:53.580 INFO  tests/test_api_8.py::test_case_53 PASSED  (6ms)
2026-09-02T10:15:54.415 INFO  tests/test_api_0.py::test_case_54 PASSED  (79ms)
2026-09-02T10:15:55.707 INFO  tests/test_api_1.py::test_case_55 PASSED  (75ms)
2026-09-02T10:15:56.503 INFO  tests/test_api_2.py::test_case_56 PASSED  (83ms)
2026-09-02T10:15:57.274 INFO  tests/test_api_3.py::test_case_57 PASSED  (22ms)
2026-09-02T10:15:58.614 INFO  tests/test_api_4.py::test_case_58 PASSED  (30ms)
2026-09-02T10:15:59.112 INFO  tests/test_api_5.py::test_case_59 PASSED  (26ms)
2026-09-02T10:15:00.652 INFO  tests/test_api_6.py::test_case_60 PASSED  (71ms)
2026-09-02T10:15:01.337 INFO  tests/test_api_7.py::test_case_61 PASSED  (52ms)
2026-09-02T10:15:02.626 INFO  tests/test_api_8.py::test_case_62 PASSED  (45ms)
2026-09-02T10:15:03.967 INFO  tests/test_api_0.py::test_case_63 PASSED  (74ms)
2026-09-02T10:15:04.461 INFO  tests/test_api_1.py::test_case_64 PASSED  (59ms)
2026-09-02T10:15:05.375 INFO  tests/test_api_2.py::test_case_65 PASSED  (85ms)
2026-09-02T10:15:06.661 INFO  tests/test_api_3.py::test_case_66 PASSED  (78ms)
2026-09-02T10:15:07.846 INFO  tests/test_api_4.py::test_case_67 PASSED  (1ms)
2026-09-02T10:15:08.492 INFO  tests/test_api_5.py::test_case_68 PASSED  (66ms)
2026-09-02T10:15:09.928 INFO  tests/test_api_6.py::test_case_69 PASSED  (17ms)
2026-09-02T10:15:10.631 INFO  tests/test_api_7.py::test_case_70 PASSED  (72ms)
2026-09-02T10:15:11.310 INFO  tests/test_api_8.py::test_case_71 PASSED  (55ms)
2026-09-02T10:15:12.157 INFO  tests/test_api_0.py::test_case_72 PASSED  (62ms)
2026-09-02T10:15:13.990 INFO  tests/test_api_1.py::test_case_73 PASSED  (47ms)
2026-09-02T10:15:14.683 INFO  tests/test_api_2.py::test_case_74 PASSED  (71ms)
2026-09-02T10:15:15.304 INFO  tests/test_api_3.py::test_case_75 PASSED  (65ms)
2026-09-02T10:15:16.523 INFO  tests/test_api_4.py::test_case_76 PASSED  (63ms)
2026-09-02T10:15:17.932 INFO  tests/test_api_5.py::test_case_77 PASSED  (46ms)
2026-09-02T10:15:18.524 INFO  tests/test_api_6.py::test_case_78 PASSED  (45ms)
2026-09-02T10:15:19.101 INFO  tests/test_api_7.py::test_case_79 PASSED  (69ms)
[10:16:00] DEBUG  retrying connection to db (attempt 1)
[10:16:01] DEBUG  retrying connection to db (attempt 2)
[10:16:02] DEBUG  retrying connection to db (attempt 3)
[10:16:03] DEBUG  retrying connection to db (attempt 4)
[10:16:04] DEBUG  retrying connection to db (attempt 5)
[10:16:05] DEBUG  retrying connection to db (attempt 6)
[10:16:06] DEBUG  retrying connection to db (attempt 7)
[10:16:07] DEBUG  retrying connection to db (attempt 8)
[10:16:08] DEBUG  retrying connection to db (attempt 9)
[10:16:09] DEBUG  retrying connection to db (attempt 10)
[10:16:10] DEBUG  retrying connection to db (attempt 11)
[10:16:11] DEBUG  retrying connection to db (attempt 12)
[10:16:12] DEBUG  retrying connection to db (attempt 13)
[10:16:13] DEBUG  retrying connection to db (attempt 14)
[10:16:14] DEBUG  retrying connection to db (attempt 15)
[10:16:15] DEBUG  retrying connection to db (attempt 16)
[10:16:16] DEBUG  retrying connection to db (attempt 17)
[10:16:17] DEBUG  retrying connection to db (attempt 18)
[10:16:18] DEBUG  retrying connection to db (attempt 19)
[10:16:19] DEBUG  retrying connection to db (attempt 20)
[10:16:20] DEBUG  retrying connection to db (attempt 21)
[10:16:21] DEBUG  retrying connection to db (attempt 22)
[10:16:22] DEBUG  retrying connection to db (attempt 23)
[10:16:23] DEBUG  retrying connection to db (attempt 24)
[10:16:24] DEBUG  retrying connection to db (attempt 25)
[10:16:25] DEBUG  retrying connection to db (attempt 26)
[10:16:26] DEBUG  retrying connection to db (attempt 27)
[10:16:27] DEBUG  retrying connection to db (attempt 28)
[10:16:28] DEBUG  retrying connection to db (attempt 29)
[10:16:29] DEBUG  retrying connection to db (attempt 30)
[10:16:30] DEBUG  retrying connection to db (attempt 31)
[10:16:31] DEBUG  retrying connection to db (attempt 32)
[10:16:32] DEBUG  retrying connection to db (attempt 33)
[10:16:33] DEBUG  retrying connection to db (attempt 34)
[10:16:34] DEBUG  retrying connection to db (attempt 35)
[10:16:35] DEBUG  retrying connection to db (attempt 36)
[10:16:36] DEBUG  retrying connection to db (attempt 37)
[10:16:37] DEBUG  retrying connection to db (attempt 38)
[10:16:38] DEBUG  retrying connection to db (attempt 39)
[10:16:39] DEBUG  retrying connection to db (attempt 40)
2026-09-02T10:17:01.123 ERROR tests/test_billing.py::test_refund FAILED
    def test_refund():
        r = refund(order_id='8f3a9c2b4d1e6f7a8b9c0d1e2f3a4b5c6d7e8f9a0b1c2d3e4f5a6b7c8d9e0f1a')
>       assert r.status == 'ok'
E       AssertionError: assert 'declined' == 'ok'

tests/test_billing.py:41: AssertionError
2026-09-02T10:18:20.653 INFO  tests/test_api_8.py::test_case_80 PASSED  (80ms)
2026-09-02T10:18:21.905 INFO  tests/test_api_0.py::test_case_81 PASSED  (79ms)
2026-09-02T10:18:22.439 INFO  tests/test_api_1.py::test_case_82 PASSED  (59ms)
2026-09-02T10:18:23.714 INFO  tests/test_api_2.py::test_case_83 PASSED  (4ms)
2026-09-02T10:18:24.923 INFO  tests/test_api_3.py::test_case_84 PASSED  (30ms)
2026-09-02T10:18:25.750 INFO  tests/test_api_4.py::test_case_85 PASSED  (23ms)
2026-09-02T10:18:26.663 INFO  tests/test_api_5.py::test_case_86 PASSED  (75ms)
2026-09-02T10:18:27.285 INFO  tests/test_api_6.py::test_case_87 PASSED  (12ms)
2026-09-02T10:18:28.917 INFO  tests/test_api_7.py::test_case_88 PASSED  (71ms)
2026-09-02T10:18:29.916 INFO  tests/test_api_8.py::test_case_89 PASSED  (33ms)
2026-09-02T10:18:30.133 INFO  tests/test_api_0.py::test_case_90 PASSED  (87ms)
2026-09-02T10:18:31.172 INFO  tests/test_api_1.py::test_case_91 PASSED  (11ms)
2026-09-02T10:18:32.988 INFO  tests/test_api_2.py::test_case_92 PASSED  (3ms)
2026-09-02T10:18:33.563 INFO  tests/test_api_3.py::test_case_93 PASSED  (2ms)
2026-09-02T10:18:34.872 INFO  tests/test_api_4.py::test_case_94 PASSED  (36ms)
2026-09-02T10:18:35.355 INFO  tests/test_api_5.py::test_case_95 PASSED  (35ms)
2026-09-02T10:18:36.212 INFO  tests/test_api_6.py::test_case_96 PASSED  (80ms)
2026-09-02T10:18:37.289 INFO  tests/test_api_7.py::test_case_97 PASSED  (45ms)
2026-09-02T10:18:38.397 INFO  tests/test_api_8.py::test_case_98 PASSED  (9ms)
2026-09-02T10:18:39.271 INFO  tests/test_api_0.py::test_case_99 PASSED  (21ms)
2026-09-02T10:18:40.361 INFO  tests/test_api_1.py::test_case_100 PASSED  (68ms)
2026-09-02T10:18:41.272 INFO  tests/test_api_2.py::test_case_101 PASSED  (85ms)
2026-09-02T10:18:42.379 INFO  tests/test_api_3.py::test_case_102 PASSED  (83ms)
2026-09-02T10:18:43.828 INFO  tests/test_api_4.py::test_case_103 PASSED  (38ms)
2026-09-02T10:18:44.565 INFO  tests/test_api_5.py::test_case_104 PASSED  (90ms)
2026-09-02T10:18:45.429 INFO  tests/test_api_6.py::test_case_105 PASSED  (64ms)
2026-09-02T10:18:46.585 INFO  tests/test_api_7.py::test_case_106 PASSED  (15ms)
2026-09-02T10:18:47.124 INFO  tests/test_api_8.py::test_case_107 PASSED  (40ms)
2026-09-02T10:18:48.495 INFO  tests/test_api_0.py::test_case_108 PASSED  (44ms)
2026-09-02T10:18:49.531 INFO  tests/test_api_1.py::test_case_109 PASSED  (25ms)
2026-09-02T10:18:50.364 INFO  tests/test_api_2.py::test_case_110 PASSED  (14ms)
2026-09-02T10:18:51.359 INFO  tests/test_api_3.py::test_case_111 PASSED  (66ms)
2026-09-02T10:18:52.314 INFO  tests/test_api_4.py::test_case_112 PASSED  (78ms)
2026-09-02T10:18:53.542 INFO  tests/test_api_5.py::test_case_113 PASSED  (3ms)
2026-09-02T10:18:54.330 INFO  tests/test_api_6.py::test_case_114 PASSED  (3ms)
2026-09-02T10:18:55.506 INFO  tests/test_api_7.py::test_case_115 PASSED  (19ms)
2026-09-02T10:18:56.136 INFO  tests/test_api_8.py::test_case_116 PASSED  (21ms)
2026-09-02T10:18:57.556 INFO  tests/test_api_0.py::test_case_117 PASSED  (65ms)
2026-09-02T10:18:58.794 INFO  tests/test_api_1.py::test_case_118 PASSED  (55ms)
2026-09-02T10:18:59.657 INFO  tests/test_api_2.py::test_case_119 PASSED  (29ms)
2026-09-02T10:18:00.745 INFO  tests/test_api_3.py::test_case_120 PASSED  (89ms)
2026-09-02T10:18:01.628 INFO  tests/test_api_4.py::test_case_121 PASSED  (58ms)
2026-09-02T10:18:02.328 INFO  tests/test_api_5.py::test_case_122 PASSED  (68ms)
2026-09-02T10:18:03.764 INFO  tests/test_api_6.py::test_case_123 PASSED  (4ms)
2026-09-02T10:18:04.504 INFO  tests/test_api_7.py::test_case_124 PASSED  (87ms)
2026-09-02T10:18:05.689 INFO  tests/test_api_8.py::test_case_125 PASSED  (42ms)
2026-09-02T10:18:06.775 INFO  tests/test_api_0.py::test_case_126 PASSED  (81ms)
2026-09-02T10:18:07.536 INFO  tests/test_api_1.py::test_case_127 PASSED  (8ms)
2026-09-02T10:18:08.855 INFO  tests/test_api_2.py::test_case_128 PASSED  (39ms)
2026-09-02T10:18:09.228 INFO  tests/test_api_3.py::test_case_129 PASSED  (28ms)
2026-09-02T10:18:10.996 INFO  tests/test_api_4.py::test_case_130 PASSED  (7ms)
2026-09-02T10:18:11.413 INFO  tests/test_api_5.py::test_case_131 PASSED  (10ms)
2026-09-02T10:18:12.979 INFO  tests/test_api_6.py::test_case_132 PASSED  (10ms)
2026-09-02T10:18:13.417 INFO  tests/test_api_7.py::test_case_133 PASSED  (39ms)
2026-09-02T10:18:14.861 INFO  tests/test_api_8.py::test_case_134 PASSED  (21ms)
2026-09-02T10:18:15.526 INFO  tests/test_api_0.py::test_case_135 PASSED  (73ms)
2026-09-02T10:18:16.358 INFO  tests/test_api_1.py::test_case_136 PASSED  (17ms)
2026-09-02T10:18:17.108 INFO  tests/test_api_2.py::test_case_137 PASSED  (72ms)
2026-09-02T10:18:18.999 INFO  tests/test_api_3.py::test_case_138 PASSED  (5ms)
2026-09-02T10:18:19.704 INFO  tests/test_api_4.py::test_case_139 PASSED  (28ms)
2026-09-02T10:18:20.683 INFO  tests/test_api_5.py::test_case_140 PASSED  (59ms)
2026-09-02T10:18:21.275 INFO  tests/test_api_6.py::test_case_141 PASSED  (80ms)
2026-09-02T10:18:22.621 INFO  tests/test_api_7.py::test_case_142 PASSED  (5ms)
2026-09-02T10:18:23.487 INFO  tests/test_api_8.py::test_case_143 PASSED  (26ms)
2026-09-02T10:18:24.455 INFO  tests/test_api_0.py::test_case_144 PASSED  (13ms)
2026-09-02T10:18:25.310 INFO  tests/test_api_1.py::test_case_145 PASSED  (74ms)
2026-09-02T10:18:26.790 INFO  tests/test_api_2.py::test_case_146 PASSED  (56ms)
2026-09-02T10:18:27.705 INFO  tests/test_api_3.py::test_case_147 PASSED  (25ms)
2026-09-02T10:18:28.604 INFO  tests/test_api_4.py::test_case_148 PASSED  (14ms)
2026-09-02T10:18:29.781 INFO  tests/test_api_5.py::test_case_149 PASSED  (50ms)
2026-09-02T10:18:30.403 INFO  tests/test_api_6.py::test_case_150 PASSED  (65ms)
2026-09-02T10:18:31.611 INFO  tests/test_api_7.py::test_case_151 PASSED  (3ms)
2026-09-02T10:18:32.433 INFO  tests/test_api_8.py::test_case_152 PASSED  (79ms)
2026-09-02T10:18:33.992 INFO  tests/test_api_0.py::test_case_153 PASSED  (52ms)
2026-09-02T10:18:34.388 INFO  tests/test_api_1.py::test_case_154 PASSED  (3ms)
2026-09-02T10:18:35.260 INFO  tests/test_api_2.py::test_case_155 PASSED  (26ms)
2026-09-02T10:18:36.978 INFO  tests/test_api_3.py::test_case_156 PASSED  (42ms)
2026-09-02T10:18:37.930 INFO  tests/test_api_4.py::test_case_157 PASSED  (73ms)
2026-09-02T10:18:38.901 INFO  tests/test_api_5.py::test_case_158 PASSED  (18ms)
2026-09-02T10:18:39.447 INFO  tests/test_api_6.py::test_case_159 PASSED  (55ms)
2026-09-02T10:18:40.318 INFO  tests/test_api_7.py::test_case_160 PASSED  (35ms)
2026-09-02T10:18:41.790 INFO  tests/test_api_8.py::test_case_161 PASSED  (13ms)
2026-09-02T10:18:42.957 INFO  tests/test_api_0.py::test_case_162 PASSED  (49ms)
2026-09-02T10:18:43.660 INFO  tests/test_api_1.py::test_case_163 PASSED  (45ms)
2026-09-02T10:18:44.957 INFO  tests/test_api_2.py::test_case_164 PASSED  (88ms)
2026-09-02T10:18:45.647 INFO  tests/test_api_3.py::test_case_165 PASSED  (63ms)
2026-09-02T10:18:46.886 INFO  tests/test_api_4.py::test_case_166 PASSED  (69ms)
2026-09-02T10:18:47.340 INFO  tests/test_api_5.py::test_case_167 PASSED  (9ms)
2026-09-02T10:18:48.842 INFO  tests/test_api_6.py::test_case_168 PASSED  (6ms)
2026-09-02T10:18:49.186 INFO  tests/test_api_7.py::test_case_169 PASSED  (18ms)
2026-09-02T10:18:50.273 INFO  tests/test_api_8.py::test_case_170 PASSED  (22ms)
2026-09-02T10:18:51.651 INFO  tests/test_api_0.py::test_case_171 PASSED  (28ms)
2026-09-02T10:18:52.374 INFO  tests/test_api_1.py::test_case_172 PASSED  (43ms)
2026-09-02T10:18:53.714 INFO  tests/test_api_2.py::test_case_173 PASSED  (65ms)
2026-09-02T10:18:54.961 INFO  tests/test_api_3.py::test_case_174 PASSED  (33ms)
2026-09-02T10:18:55.476 INFO  tests/test_api_4.py::test_case_175 PASSED  (44ms)
2026-09-02T10:18:56.448 INFO  tests/test_api_5.py::test_case_176 PASSED  (15ms)
2026-09-02T10:18:57.398 INFO  tests/test_api_6.py::test_case_177 PASSED  (31ms)
2026-09-02T10:18:58.988 INFO  tests/test_api_7.py::test_case_178 PASSED  (78ms)
2026-09-02T10:18:59.898 INFO  tests/test_api_8.py::test_case_179 PASSED  (63ms)
2026-09-02T10:18:00.238 INFO  tests/test_api_0.py::test_case_180 PASSED  (75ms)
2026-09-02T10:18:01.664 INFO  tests/test_api_1.py::test_case_181 PASSED  (14ms)
2026-09-02T10:18:02.428 INFO  tests/test_api_2.py::test_case_182 PASSED  (6ms)
2026-09-02T10:18:03.516 INFO  tests/test_api_3.py::test_case_183 PASSED  (10ms)
2026-09-02T10:18:04.489 INFO  tests/test_api_4.py::test_case_184 PASSED  (19ms)
2026-09-02T10:18:05.948 INFO  tests/test_api_5.py::test_case_185 PASSED  (17ms)
2026-09-02T10:18:06.449 INFO  tests/test_api_6.py::test_case_186 PASSED  (15ms)
2026-09-02T10:18:07.729 INFO  tests/test_api_7.py::test_case_187 PASSED  (76ms)
2026-09-02T10:18:08.900 INFO  tests/test_api_8.py::test_case_188 PASSED  (49ms)
2026-09-02T10:18:09.178 INFO  tests/test_api_0.py::test_case_189 PASSED  (74ms)
2026-09-02T10:18:10.663 INFO  tests/test_api_1.py::test_case_190 PASSED  (29ms)
2026-09-02T10:18:11.679 INFO  tests/test_api_2.py::test_case_191 PASSED  (11ms)
2026-09-02T10:18:12.373 INFO  tests/test_api_3.py::test_case_192 PASSED  (47ms)
2026-09-02T10:18:13.402 INFO  tests/test_api_4.py::test_case_193 PASSED  (73ms)
2026-09-02T10:18:14.647 INFO  tests/test_api_5.py::test_case_194 PASSED  (15ms)
2026-09-02T10:18:15.568 INFO  tests/test_api_6.py::test_case_195 PASSED  (36ms)
2026-09-02T10:18:16.210 INFO  tests/test_api_7.py::test_case_196 PASSED  (6ms)
2026-09-02T10:18:17.947 INFO  tests/test_api_8.py::test_case_197 PASSED  (38ms)
2026-09-02T10:18:18.112 INFO  tests/test_api_0.py::test_case_198 PASSED  (79ms)
2026-09-02T10:18:19.786 INFO  tests/test_api_1.py::test_case_199 PASSED  (2ms)
2026-09-02T10:18:20.193 INFO  tests/test_api_2.py::test_case_200 PASSED  (53ms)
2026-09-02T10:18:21.217 INFO  tests/test_api_3.py::test_case_201 PASSED  (6ms)
2026-09-02T10:18:22.292 INFO  tests/test_api_4.py::test_case_202 PASSED  (31ms)
2026-09-02T10:18:23.904 INFO  tests/test_api_5.py::test_case_203 PASSED  (76ms)
2026-09-02T10:18:24.531 INFO  tests/test_api_6.py::test_case_204 PASSED  (21ms)
2026-09-02T10:18:25.218 INFO  tests/test_api_7.py::test_case_205 PASSED  (58ms)
2026-09-02T10:18:26.271 INFO  tests/test_api_8.py::test_case_206 PASSED  (88ms)
2026-09-02T10:18:27.347 INFO  tests/test_api_0.py::test_case_207 PASSED  (21ms)
2026-09-02T10:18:28.861 INFO  tests/test_api_1.py::test_case_208 PASSED  (14ms)
2026-09-02T10:18:29.545 INFO  tests/test_api_2.py::test_case_209 PASSED  (49ms)
2026-09-02T10:18:30.925 INFO  tests/test_api_3.py::test_case_210 PASSED  (70ms)
2026-09-02T10:18:31.937 INFO  tests/test_api_4.py::test_case_211 PASSED  (38ms)
2026-09-02T10:18:32.663 INFO  tests/test_api_5.py::test_case_212 PASSED  (33ms)
2026-09-02T10:18:33.828 INFO  tests/test_api_6.py::test_case_213 PASSED  (62ms)
2026-09-02T10:18:34.422 INFO  tests/test_api_7.py::test_case_214 PASSED  (13ms)
2026-09-02T10:18:35.312 INFO  tests/test_api_8.py::test_case_215 PASSED  (84ms)
2026-09-02T10:18:36.425 INFO  tests/test_api_0.py::test_case_216 PASSED  (6ms)
2026-09-02T10:18:37.127 INFO  tests/test_api_1.py::test_case_217 PASSED  (2ms)
2026-09-02T10:18:38.905 INFO  tests/test_api_2.py::test_case_218 PASSED  (38ms)
2026-09-02T10:18:39.843 INFO  tests/test_api_3.py::test_case_219 PASSED  (77ms)
2026-09-02T10:18:40.427 INFO  tests/test_api_4.py::test_case_220 PASSED  (58ms)
2026-09-02T10:18:41.500 INFO  tests/test_api_5.py::test_case_221 PASSED  (41ms)
2026-09-02T10:18:42.508 INFO  tests/test_api_6.py::test_case_222 PASSED  (9ms)
2026-09-02T10:18:43.165 INFO  tests/test_api_7.py::test_case_223 PASSED  (41ms)
2026-09-02T10:18:44.715 INFO  tests/test_api_8.py::test_case_224 PASSED  (59ms)
2026-09-02T10:18:45.214 INFO  tests/test_api_0.py::test_case_225 PASSED  (33ms)
2026-09-02T10:18:46.320 INFO  tests/test_api_1.py::test_case_226 PASSED  (80ms)
2026-09-02T10:18:47.896 INFO  tests/test_api_2.py::test_case_227 PASSED  (70ms)
2026-09-02T10:18:48.988 INFO  tests/test_api_3.py::test_case_228 PASSED  (89ms)
2026-09-02T10:18:49.580 INFO  tests/test_api_4.py::test_case_229 PASSED  (85ms)
2026-09-02T10:18:50.464 INFO  tests/test_api_5.py::test_case_230 PASSED  (34ms)
2026-09-02T10:18:51.287 INFO  tests/test_api_6.py::test_case_231 PASSED  (70ms)
2026-09-02T10:18:52.312 INFO  tests/test_api_7.py::test_case_232 PASSED  (40ms)
2026-09-02T10:18:53.303 INFO  tests/test_api_8.py::test_case_233 PASSED  (32ms)
2026-09-02T10:18:54.469 INFO  tests/test_api_0.py::test_case_234 PASSED  (11ms)
2026-09-02T10:18:55.939 INFO  tests/test_api_1.py::test_case_235 PASSED  (36ms)
2026-09-02T10:18:56.191 INFO  tests/test_api_2.py::test_case_236 PASSED  (58ms)
2026-09-02T10:18:57.192 INFO  tests/test_api_3.py::test_case_237 PASSED  (84ms)
2026-09-02T10:18:58.688 INFO  tests/test_api_4.py::test_case_238 PASSED  (83ms)
2026-09-02T10:18:59.447 INFO  tests/test_api_5.py::test_case_239 PASSED  (30ms)
2026-09-02T10:18:00.499 INFO  tests/test_api_6.py::test_case_240 PASSED  (40ms)
2026-09-02T10:18:01.142 INFO  tests/test_api_7.py::test_case_241 PASSED  (42ms)
2026-09-02T10:18:02.291 INFO  tests/test_api_8.py::test_case_242 PASSED  (41ms)
2026-09-02T10:18:03.911 INFO  tests/test_api_0.py::test_case_243 PASSED  (75ms)
2026-09-02T10:18:04.410 INFO  tests/test_api_1.py::test_case_244 PASSED  (32ms)
2026-09-02T10:18:05.442 INFO  tests/test_api_2.py::test_case_245 PASSED  (13ms)
2026-09-02T10:18:06.657 INFO  tests/test_api_3.py::test_case_246 PASSED  (79ms)
2026-09-02T10:18:07.692 INFO  tests/test_api_4.py::test_case_247 PASSED  (77ms)
2026-09-02T10:18:08.194 INFO  tests/test_api_5.py::test_case_248 PASSED  (32ms)
2026-09-02T10:18:09.325 INFO  tests/test_api_6.py::test_case_249 PASSED  (3ms)
2026-09-02T10:18:10.927 INFO  tests/test_api_7.py::test_case_250 PASSED  (32ms)
2026-09-02T10:18:11.511 INFO  tests/test_api_8.py::test_case_251 PASSED  (10ms)
2026-09-02T10:18:12.374 INFO  tests/test_api_0.py::test_case_252 PASSED  (71ms)
2026-09-02T10:18:13.988 INFO  tests/test_api_1.py::test_case_253 PASSED  (10ms)
2026-09-02T10:18:14.846 INFO  tests/test_api_2.py::test_case_254 PASSED  (10ms)
2026-09-02T10:18:15.122 INFO  tests/test_api_3.py::test_case_255 PASSED  (82ms)
2026-09-02T10:18:16.110 INFO  tests/test_api_4.py::test_case_256 PASSED  (38ms)
2026-09-02T10:18:17.868 INFO  tests/test_api_5.py::test_case_257 PASSED  (46ms)
2026-09-02T10:18:18.605 INFO  tests/test_api_6.py::test_case_258 PASSED  (61ms)
2026-09-02T10:18:19.983 INFO  tests/test_api_7.py::test_case_259 PASSED  (20ms)
2026-09-02T10:18:20.203 INFO  tests/test_api_8.py::test_case_260 PASSED  (65ms)
2026-09-02T10:18:21.896 INFO  tests/test_api_0.py::test_case_261 PASSED  (42ms)
2026-09-02T10:18:22.178 INFO  tests/test_api_1.py::test_case_262 PASSED  (66ms)
2026-09-02T10:18:23.781 INFO  tests/test_api_2.py::test_case_263 PASSED  (23ms)
2026-09-02T10:18:24.283 INFO  tests/test_api_3.py::test_case_264 PASSED  (20ms)
2026-09-02T10:18:25.244 INFO  tests/test_api_4.py::test_case_265 PASSED  (41ms)
2026-09-02T10:18:26.412 INFO  tests/test_api_5.py::test_case_266 PASSED  (14ms)
2026-09-02T10:18:27.826 INFO  tests/test_api_6.py::test_case_267 PASSED  (66ms)
2026-09-02T10:18:28.954 INFO  tests/test_api_7.py::test_case_268 PASSED  (78ms)
2026-09-02T10:18:29.400 INFO  tests/test_api_8.py::test_case_269 PASSED  (17ms)
2026-09-02T10:18:30.311 INFO  tests/test_api_0.py::test_case_270 PASSED  (19ms)
2026-09-02T10:18:31.658 INFO  tests/test_api_1.py::test_case_271 PASSED  (5ms)
2026-09-02T10:18:32.898 INFO  tests/test_api_2.py::test_case_272 PASSED  (41ms)
2026-09-02T10:18:33.940 INFO  tests/test_api_3.py::test_case_273 PASSED  (80ms)
2026-09-02T10:18:34.923 INFO  tests/test_api_4.py::test_case_274 PASSED  (87ms)
2026-09-02T10:18:35.666 INFO  tests/test_api_5.py::test_case_275 PASSED  (89ms)
2026-09-02T10:18:36.310 INFO  tests/test_api_6.py::test_case_276 PASSED  (23ms)
2026-09-02T10:18:37.406 INFO  tests/test_api_7.py::test_case_277 PASSED  (56ms)
2026-09-02T10:18:38.650 INFO  tests/test_api_8.py::test_case_278 PASSED  (21ms)
2026-09-02T10:18:39.149 INFO  tests/test_api_0.py::test_case_279 PASSED  (86ms)
2026-09-02T10:18:40.353 INFO  tests/test_api_1.py::test_case_280 PASSED  (33ms)
2026-09-02T10:18:41.896 INFO  tests/test_api_2.py::test_case_281 PASSED  (9ms)
2026-09-02T10:18:42.798 INFO  tests/test_api_3.py::test_case_282 PASSED  (58ms)
2026-09-02T10:18:43.927 INFO  tests/test_api_4.py::test_case_283 PASSED  (56ms)
2026-09-02T10:18:44.662 INFO  tests/test_api_5.py::test_case_284 PASSED  (33ms)
2026-09-02T10:18:45.654 INFO  tests/test_api_6.py::test_case_285 PASSED  (57ms)
2026-09-02T10:18:46.971 INFO  tests/test_api_7.py::test_case_286 PASSED  (69ms)
2026-09-02T10:18:47.564 INFO  tests/test_api_8.py::test_case_287 PASSED  (2ms)
2026-09-02T10:18:48.505 INFO  tests/test_api_0.py::test_case_288 PASSED  (44ms)
2026-09-02T10:18:49.275 INFO  tests/test_api_1.py::test_case_289 PASSED  (34ms)
2026-09-02T10:18:50.597 INFO  tests/test_api_2.py::test_case_290 PASSED  (4ms)
2026-09-02T10:18:51.912 INFO  tests/test_api_3.py::test_case_291 PASSED  (83ms)
2026-09-02T10:18:52.526 INFO  tests/test_api_4.py::test_case_292 PASSED  (74ms)
2026-09-02T10:18:53.119 INFO  tests/test_api_5.py::test_case_293 PASSED  (8ms)
2026-09-02T10:18:54.808 INFO  tests/test_api_6.py::test_case_294 PASSED  (46ms)
2026-09-02T10:18:55.693 INFO  tests/test_api_7.py::test_case_295 PASSED  (18ms)
2026-09-02T10:18:56.707 INFO  tests/test_api_8.py::test_case_296 PASSED  (17ms)
2026-09-02T10:18:57.241 INFO  tests/test_api_0.py::test_case_297 PASSED  (34ms)
2026-09-02T10:18:58.948 INFO  tests/test_api_1.py::test_case_298 PASSED  (36ms)
2026-09-02T10:18:59.507 INFO  tests/test_api_2.py::test_case_299 PASSED  (73ms)
2026-09-02T10:18:00.510 INFO  tests/test_api_3.py::test_case_300 PASSED  (23ms)
2026-09-02T10:18:01.727 INFO  tests/test_api_4.py::test_case_301 PASSED  (12ms)
2026-09-02T10:18:02.339 INFO  tests/test_api_5.py::test_case_302 PASSED  (63ms)
2026-09-02T10:18:03.107 INFO  tests/test_api_6.py::test_case_303 PASSED  (23ms)
2026-09-02T10:18:04.641 INFO  tests/test_api_7.py::test_case_304 PASSED  (41ms)
2026-09-02T10:18:05.612 INFO  tests/test_api_8.py::test_case_305 PASSED  (84ms)
2026-09-02T10:18:06.548 INFO  tests/test_api_0.py::test_case_306 PASSED  (88ms)
2026-09-02T10:18:07.754 INFO  tests/test_api_1.py::test_case_307 PASSED  (29ms)
2026-09-02T10:18:08.344 INFO  tests/test_api_2.py::test_case_308 PASSED  (41ms)
2026-09-02T10:18:09.606 INFO  tests/test_api_3.py::test_case_309 PASSED  (88ms)
2026-09-02T10:18:10.590 INFO  tests/test_api_4.py::test_case_310 PASSED  (29ms)
2026-09-02T10:18:11.829 INFO  tests/test_api_5.py::test_case_311 PASSED  (53ms)
2026-09-02T10:18:12.445 INFO  tests/test_api_6.py::test_case_312 PASSED  (72ms)
2026-09-02T10:18:13.725 INFO  tests/test_api_7.py::test_case_313 PASSED  (84ms)
2026-09-02T10:18:14.381 INFO  tests/test_api_8.py::test_case_314 PASSED  (83ms)
2026-09-02T10:18:15.324 INFO  tests/test_api_0.py::test_case_315 PASSED  (7ms)
2026-09-02T10:18:16.173 INFO  tests/test_api_1.py::test_case_316 PASSED  (66ms)
2026-09-02T10:18:17.760 INFO  tests/test_api_2.py::test_case_317 PASSED  (48ms)
2026-09-02T10:18:18.263 INFO  tests/test_api_3.py::test_case_318 PASSED  (66ms)
2026-09-02T10:18:19.884 INFO  tests/test_api_4.py::test_case_319 PASSED  (27ms)
2026-09-02T10:18:20.419 INFO  tests/test_api_5.py::test_case_320 PASSED  (39ms)
2026-09-02T10:18:21.809 INFO  tests/test_api_6.py::test_case_321 PASSED  (39ms)
2026-09-02T10:18:22.969 INFO  tests/test_api_7.py::test_case_322 PASSED  (71ms)
2026-09-02T10:18:23.480 INFO  tests/test_api_8.py::test_case_323 PASSED  (22ms)
2026-09-02T10:18:24.818 INFO  tests/test_api_0.py::test_case_324 PASSED  (90ms)
2026-09-02T10:18:25.854 INFO  tests/test_api_1.py::test_case_325 PASSED  (60ms)
2026-09-02T10:18:26.708 INFO  tests/test_api_2.py::test_case_326 PASSED  (11ms)
2026-09-02T10:18:27.976 INFO  tests/test_api_3.py::test_case_327 PASSED  (16ms)
2026-09-02T10:18:28.720 INFO  tests/test_api_4.py::test_case_328 PASSED  (66ms)
2026-09-02T10:18:29.684 INFO  tests/test_api_5.py::test_case_329 PASSED  (49ms)
2026-09-02T10:18:30.280 INFO  tests/test_api_6.py::test_case_330 PASSED  (20ms)
2026-09-02T10:18:31.356 INFO  tests/test_api_7.py::test_case_331 PASSED  (55ms)
2026-09-02T10:18:32.322 INFO  tests/test_api_8.py::test_case_332 PASSED  (73ms)
2026-09-02T10:18:33.836 INFO  tests/test_api_0.py::test_case_333 PASSED  (7ms)
2026-09-02T10:18:34.606 INFO  tests/test_api_1.py::test_case_334 PASSED  (88ms)
2026-09-02T10:18:35.503 INFO  tests/test_api_2.py::test_case_335 PASSED  (82ms)
2026-09-02T10:18:36.456 INFO  tests/test_api_3.py::test_case_336 PASSED  (50ms)
2026-09-02T10:18:37.627 INFO  tests/test_api_4.py::test_case_337 PASSED  (22ms)
2026-09-02T10:18:38.657 INFO  tests/test_api_5.py::test_case_338 PASSED  (6ms)
2026-09-02T10:18:39.636 INFO  tests/test_api_6.py::test_case_339 PASSED  (12ms)
2026-09-02T10:18:40.927 INFO  tests/test_api_7.py::test_case_340 PASSED  (33ms)
2026-09-02T10:18:41.743 INFO  tests/test_api_8.py::test_case_341 PASSED  (13ms)
2026-09-02T10:18:42.373 INFO  tests/test_api_0.py::test_case_342 PASSED  (11ms)
2026-09-02T10:18:43.242 INFO  tests/test_api_1.py::test_case_343 PASSED  (79ms)
2026-09-02T10:18:44.962 INFO  tests/test_api_2.py::test_case_344 PASSED  (85ms)
2026-09-02T10:18:45.803 INFO  tests/test_api_3.py::test_case_345 PASSED  (90ms)
2026-09-02T10:18:46.183 INFO  tests/test_api_4.py::test_case_346 PASSED  (57ms)
2026-09-02T10:18:47.971 INFO  tests/test_api_5.py::test_case_347 PASSED  (31ms)
2026-09-02T10:18:48.971 INFO  tests/test_api_6.py::test_case_348 PASSED  (49ms)
2026-09-02T10:18:49.921 INFO  tests/test_api_7.py::test_case_349 PASSED  (56ms)
2026-09-02T10:18:50.506 INFO  tests/test_api_8.py::test_case_350 PASSED  (22ms)
2026-09-02T10:18:51.433 INFO  tests/test_api_0.py::test_case_351 PASSED  (57ms)
2026-09-02T10:18:52.229 INFO  tests/test_api_1.py::test_case_352 PASSED  (80ms)
2026-09-02T10:18:53.599 INFO  tests/test_api_2.py::test_case_353 PASSED  (28ms)
2026-09-02T10:18:54.222 INFO  tests/test_api_3.py::test_case_354 PASSED  (56ms)
2026-09-02T10:18:55.715 INFO  tests/test_api_4.py::test_case_355 PASSED  (69ms)
2026-09-02T10:18:56.518 INFO  tests/test_api_5.py::test_case_356 PASSED  (16ms)
2026-09-02T10:18:57.776 INFO  tests/test_api_6.py::test_case_357 PASSED  (38ms)
2026-09-02T10:18:58.384 INFO  tests/test_api_7.py::test_case_358 PASSED  (32ms)
2026-09-02T10:18:59.487 INFO  tests/test_api_8.py::test_case_359 PASSED  (72ms)
2026-09-02T10:18:00.104 INFO  tests/test_api_0.py::test_case_360 PASSED  (25ms)
2026-09-02T10:18:01.641 INFO  tests/test_api_1.py::test_case_361 PASSED  (57ms)
2026-09-02T10:18:02.692 INFO  tests/test_api_2.py::test_case_362 PASSED  (3ms)
2026-09-02T10:18:03.131 INFO  tests/test_api_3.py::test_case_363 PASSED  (81ms)
2026-09-02T10:18:04.720 INFO  tests/test_api_4.py::test_case_364 PASSED  (32ms)
2026-09-02T10:18:05.955 INFO  tests/test_api_5.py::test_case_365 PASSED  (34ms)
2026-09-02T10:18:06.311 INFO  tests/test_api_6.py::test_case_366 PASSED  (23ms)
2026-09-02T10:18:07.391 INFO  tests/test_api_7.py::test_case_367 PASSED  (19ms)
2026-09-02T10:18:08.655 INFO  tests/test_api_8.py::test_case_368 PASSED  (26ms)
2026-09-02T10:18:09.379 INFO  tests/test_api_0.py::test_case_369 PASSED  (40ms)
2026-09-02T10:18:10.699 INFO  tests/test_api_1.py::test_case_370 PASSED  (33ms)
2026-09-02T10:18:11.952 INFO  tests/test_api_2.py::test_case_371 PASSED  (88ms)
2026-09-02T10:18:12.557 INFO  tests/test_api_3.py::test_case_372 PASSED  (22ms)
2026-09-02T10:18:13.658 INFO  tests/test_api_4.py::test_case_373 PASSED  (46ms)
2026-09-02T10:18:14.602 INFO  tests/test_api_5.py::test_case_374 PASSED  (54ms)
2026-09-02T10:18:15.976 INFO  tests/test_api_6.py::test_case_375 PASSED  (16ms)
2026-09-02T10:18:16.887 INFO  tests/test_api_7.py::test_case_376 PASSED  (27ms)
2026-09-02T10:18:17.684 INFO  tests/test_api_8.py::test_case_377 PASSED  (50ms)
2026-09-02T10:18:18.309 INFO  tests/test_api_0.py::test_case_378 PASSED  (37ms)
2026-09-02T10:18:19.930 INFO  tests/test_api_1.py::test_case_379 PASSED  (14ms)
2026-09-02T10:18:20.926 INFO  tests/test_api_2.py::test_case_380 PASSED  (4ms)
2026-09-02T10:18:21.220 INFO  tests/test_api_3.py::test_case_381 PASSED  (73ms)
2026-09-02T10:18:22.865 INFO  tests/test_api_4.py::test_case_382 PASSED  (2ms)
2026-09-02T10:18:23.658 INFO  tests/test_api_5.py::test_case_383 PASSED  (38ms)
2026-09-02T10:18:24.790 INFO  tests/test_api_6.py::test_case_384 PASSED  (84ms)
2026-09-02T10:18:25.239 INFO  tests/test_api_7.py::test_case_385 PASSED  (10ms)
2026-09-02T10:18:26.612 INFO  tests/test_api_8.py::test_case_386 PASSED  (48ms)
2026-09-02T10:18:27.686 INFO  tests/test_api_0.py::test_case_387 PASSED  (40ms)
2026-09-02T10:18:28.547 INFO  tests/test_api_1.py::test_case_388 PASSED  (65ms)
2026-09-02T10:18:29.793 INFO  tests/test_api_2.py::test_case_389 PASSED  (46ms)
2026-09-02T10:18:30.876 INFO  tests/test_api_3.py::test_case_390 PASSED  (68ms)
2026-09-02T10:18:31.431 INFO  tests/test_api_4.py::test_case_391 PASSED  (1ms)
2026-09-02T10:18:32.226 INFO  tests/test_api_5.py::test_case_392 PASSED  (57ms)
2026-09-02T10:18:33.835 INFO  tests/test_api_6.py::test_case_393 PASSED  (58ms)
2026-09-02T10:18:34.458 INFO  tests/test_api_7.py::test_case_394 PASSED  (40ms)
2026-09-02T10:18:35.652 INFO  tests/test_api_8.py::test_case_395 PASSED  (52ms)
2026-09-02T10:18:36.447 INFO  tests/test_api_0.py::test_case_396 PASSED  (88ms)
2026-09-02T10:18:37.685 INFO  tests/test_api_1.py::test_case_397 PASSED  (64ms)
2026-09-02T10:18:38.215 INFO  tests/test_api_2.py::test_case_398 PASSED  (83ms)
2026-09-02T10:18:39.486 INFO  tests/test_api_3.py::test_case_399 PASSED  (49ms)
npm WARN deprecated lodash@4.17.0: this version is no longer supported
npm WARN deprecated lodash@4.17.1: this version is no longer supported
npm WARN deprecated lodash@4.17.2: this version is no longer supported
npm WARN deprecated lodash@4.17.3: this version is no longer supported
npm WARN deprecated lodash@4.17.4: this version is no longer supported
npm WARN deprecated lodash@4.17.5: this version is no longer supported
npm WARN deprecated lodash@4.17.6: this version is no longer supported
npm WARN deprecated lodash@4.17.7: this version is no longer supported
npm WARN deprecated lodash@4.17.8: this version is no longer supported
npm WARN deprecated lodash@4.17.9: this version is no longer supported
npm WARN deprecated lodash@4.17.10: this version is no longer supported
npm WARN deprecated lodash@4.17.11: this version is no longer supported
npm WARN deprecated lodash@4.17.12: this version is no longer supported
npm WARN deprecated lodash@4.17.13: this version is no longer supported
npm WARN deprecated lodash@4.17.14: this version is no longer supported
npm WARN deprecated lodash@4.17.15: this version is no longer supported
npm WARN deprecated lodash@4.17.16: this version is no longer supported
npm WARN deprecated lodash@4.17.17: this version is no longer supported
npm WARN deprecated lodash@4.17.18: this version is no longer supported
npm WARN deprecated lodash@4.17.19: this version is no longer supported
npm WARN deprecated lodash@4.17.20: this version is no longer supported
npm WARN deprecated lodash@4.17.21: this version is no longer supported
npm WARN deprecated lodash@4.17.22: this version is no longer supported
npm WARN deprecated lodash@4.17.23: this version is no longer supported
npm WARN deprecated lodash@4.17.24: this version is no longer supported
npm WARN deprecated lodash@4.17.25: this version is no longer supported
npm WARN deprecated lodash@4.17.26: this version is no longer supported
npm WARN deprecated lodash@4.17.27: this version is no longer supported
npm WARN deprecated lodash@4.17.28: this version is no longer supported
npm WARN deprecated lodash@4.17.29: this version is no longer supported
[31m========================= 1 failed, 411 passed in 42.11s =========================[0m
